Start testing: Feb 17 21:10 -03
----------------------------------------------------------
1/1 Testing: sample_test
1/1 Test: sample_test
Command: "/jeff/Projects/jinject/build/tests/sample_test" "COMMAND" "$<TARGET_FILE:sample_test>"
Directory: /jeff/Projects/jinject/build/tests
"sample_test" start time: Feb 17 21:10 -03
Output:
----------------------------------------------------------
inject<custom injection>: 42, jeff
NoDefaultConstructor: 1764, jeff
DefaultConstructor:: debug
sample called
NoDefaultConstructor: 42, jeff
DefaultConstructor:: debug
sample_ptr called
NoDefaultConstructor: 42, jeff
DefaultConstructor:: debug
sample_shared called
NoDefaultConstructor: 42, jeff
DefaultConstructor:: debug
sample_unique called
<end of output>
Test time =   0.00 sec
----------------------------------------------------------
Test Passed.
"sample_test" end time: Feb 17 21:10 -03
"sample_test" time elapsed: 00:00:00
----------------------------------------------------------

End testing: Feb 17 21:10 -03
